read raw spectra success
tokenize the query and reference data success
train, epoch 1, loss=3.9431
validation, epoch 1, loss=3.3083
train, epoch 2, loss=2.1112
validation, epoch 2, loss=2.6040
train, epoch 3, loss=1.5595
validation, epoch 3, loss=1.8450
train, epoch 4, loss=1.1844
validation, epoch 4, loss=1.3925
train, epoch 5, loss=0.9580
validation, epoch 5, loss=1.1964
train, epoch 6, loss=0.8271
validation, epoch 6, loss=1.0953
train, epoch 7, loss=0.7293
validation, epoch 7, loss=0.9904
train, epoch 8, loss=0.6480
validation, epoch 8, loss=0.9275
train, epoch 9, loss=0.5958
train, epoch 10, loss=0.5579
validation, epoch 10, loss=0.8984
train, epoch 11, loss=0.5195
validation, epoch 11, loss=0.8851
train, epoch 12, loss=0.4915
validation, epoch 12, loss=0.8541
train, epoch 13, loss=0.4649
validation, epoch 13, loss=0.8179
train, epoch 14, loss=0.4449
train, epoch 15, loss=0.4311
validation, epoch 15, loss=0.8138
train, epoch 16, loss=0.4135
validation, epoch 16, loss=0.7921
train, epoch 17, loss=0.3988
validation, epoch 17, loss=0.7804
train, epoch 18, loss=0.3894
train, epoch 19, loss=0.3779
validation, epoch 19, loss=0.7795
train, epoch 20, loss=0.3656
validation, epoch 20, loss=0.7755
train, epoch 21, loss=0.3556
validation, epoch 21, loss=0.7707
train, epoch 22, loss=0.3524
validation, epoch 22, loss=0.7483
train, epoch 23, loss=0.3447
train, epoch 24, loss=0.3401
train, epoch 25, loss=0.3310
validation, epoch 25, loss=0.7480
train, epoch 26, loss=0.3279
train, epoch 27, loss=0.3215
train, epoch 28, loss=0.3185
train, epoch 29, loss=0.3165
train, epoch 30, loss=0.3109
train, epoch 31, loss=0.3103
validation, epoch 31, loss=0.7315
train, epoch 32, loss=0.3045
train, epoch 33, loss=0.3017
train, epoch 34, loss=0.3009
validation, epoch 34, loss=0.7250
train, epoch 35, loss=0.2960
train, epoch 36, loss=0.2932
train, epoch 37, loss=0.2927
train, epoch 38, loss=0.2931
train, epoch 39, loss=0.2914
train, epoch 40, loss=0.2900
train, epoch 41, loss=0.2881
train, epoch 42, loss=0.2878
train, epoch 43, loss=0.2846
train, epoch 44, loss=0.2846
train, epoch 45, loss=0.2898
train, epoch 46, loss=0.2796
train, epoch 47, loss=0.2829
train, epoch 48, loss=0.2861
train, epoch 49, loss=0.2843
train, epoch 50, loss=0.2819
best model saved in epoch 33
model train end, best model loss=0.7250
store train metrics
---------------------------------------- gnps-orbitrap-train ----------------------------------------
---------------------------------------- gnps-orbitrap-test ----------------------------------------
---------------------------------------- gnps-qtof-test ----------------------------------------
---------------------------------------- gnps-other-test ----------------------------------------
---------------------------------------- gnps-orbitrap-train ----------------------------------------
---------------------------------------- gnps-orbitrap-test ----------------------------------------
---------------------------------------- gnps-qtof-test ----------------------------------------
---------------------------------------- gnps-other-test ----------------------------------------
---------------------------------------- gnps-orbitrap-train ----------------------------------------
---------------------------------------- gnps-orbitrap-test ----------------------------------------
---------------------------------------- gnps-qtof-test ----------------------------------------
---------------------------------------- gnps-other-test ----------------------------------------
---------------------------------------- gnps-orbitrap-train ----------------------------------------
---------------------------------------- gnps-orbitrap-test ----------------------------------------
---------------------------------------- gnps-qtof-test ----------------------------------------
---------------------------------------- gnps-other-test ----------------------------------------
---------------------------------------- gnps-orbitrap-train ----------------------------------------
---------------------------------------- gnps-orbitrap-test ----------------------------------------
---------------------------------------- gnps-qtof-test ----------------------------------------
---------------------------------------- gnps-other-test ----------------------------------------
---------------------------------------- gnps-orbitrap-train ----------------------------------------
---------------------------------------- gnps-orbitrap-test ----------------------------------------
---------------------------------------- gnps-qtof-test ----------------------------------------
---------------------------------------- gnps-other-test ----------------------------------------
---------------------------------------- gnps-orbitrap-train ----------------------------------------
---------------------------------------- gnps-orbitrap-test ----------------------------------------
---------------------------------------- gnps-qtof-test ----------------------------------------
---------------------------------------- gnps-other-test ----------------------------------------
---------------------------------------- gnps-orbitrap-train ----------------------------------------
---------------------------------------- gnps-orbitrap-test ----------------------------------------
---------------------------------------- gnps-qtof-test ----------------------------------------
---------------------------------------- gnps-other-test ----------------------------------------
---------------------------------------- gnps-orbitrap-train ----------------------------------------
---------------------------------------- gnps-orbitrap-test ----------------------------------------
---------------------------------------- gnps-qtof-test ----------------------------------------
---------------------------------------- gnps-other-test ----------------------------------------
---------------------------------------- gnps-orbitrap-train ----------------------------------------
---------------------------------------- gnps-orbitrap-test ----------------------------------------
---------------------------------------- gnps-qtof-test ----------------------------------------
---------------------------------------- gnps-other-test ----------------------------------------
[[80.85 91.84 94.11]
 [81.73 93.03 94.82]
 [50.01 68.93 74.62]
 [81.02 93.82 95.78]]
[[0.06 0.04 0.02]
 [0.49 0.36 0.3 ]
 [0.17 0.22 0.26]
 [0.29 0.27 0.18]]
read raw spectra success
tokenize the query and reference data success
train, epoch 1, loss=3.7453
validation, epoch 1, loss=3.3013
train, epoch 2, loss=2.0911
validation, epoch 2, loss=2.6492
train, epoch 3, loss=1.5663
validation, epoch 3, loss=1.8731
train, epoch 4, loss=1.1832
validation, epoch 4, loss=1.4157
train, epoch 5, loss=0.9695
validation, epoch 5, loss=1.2475
train, epoch 6, loss=0.8248
validation, epoch 6, loss=1.0810
train, epoch 7, loss=0.7246
validation, epoch 7, loss=1.0085
train, epoch 8, loss=0.6543
validation, epoch 8, loss=0.9606
train, epoch 9, loss=0.6041
validation, epoch 9, loss=0.9215
train, epoch 10, loss=0.5540
validation, epoch 10, loss=0.8817
train, epoch 11, loss=0.5214
train, epoch 12, loss=0.4946
validation, epoch 12, loss=0.8573
train, epoch 13, loss=0.4684
validation, epoch 13, loss=0.8302
train, epoch 14, loss=0.4489
validation, epoch 14, loss=0.8156
train, epoch 15, loss=0.4304
validation, epoch 15, loss=0.8092
train, epoch 16, loss=0.4129
train, epoch 17, loss=0.4013
train, epoch 18, loss=0.3916
validation, epoch 18, loss=0.7807
train, epoch 19, loss=0.3800
train, epoch 20, loss=0.3700
validation, epoch 20, loss=0.7771
train, epoch 21, loss=0.3628
validation, epoch 21, loss=0.7766
train, epoch 22, loss=0.3545
train, epoch 23, loss=0.3477
train, epoch 24, loss=0.3403
validation, epoch 24, loss=0.7681
train, epoch 25, loss=0.3366
train, epoch 26, loss=0.3321
validation, epoch 26, loss=0.7660
train, epoch 27, loss=0.3263
validation, epoch 27, loss=0.7613
train, epoch 28, loss=0.3218
validation, epoch 28, loss=0.7585
train, epoch 29, loss=0.3159
validation, epoch 29, loss=0.7471
train, epoch 30, loss=0.3139
train, epoch 31, loss=0.3079
train, epoch 32, loss=0.3049
train, epoch 33, loss=0.3024
validation, epoch 33, loss=0.7407
train, epoch 34, loss=0.3037
train, epoch 35, loss=0.2967
train, epoch 36, loss=0.2961
train, epoch 37, loss=0.2932
train, epoch 38, loss=0.2957
validation, epoch 38, loss=0.7358
train, epoch 39, loss=0.2933
train, epoch 40, loss=0.2873
validation, epoch 40, loss=0.7316
train, epoch 41, loss=0.2899
train, epoch 42, loss=0.2868
train, epoch 43, loss=0.2856
train, epoch 44, loss=0.2899
train, epoch 45, loss=0.2886
train, epoch 46, loss=0.2828
train, epoch 47, loss=0.2828
train, epoch 48, loss=0.2810
train, epoch 49, loss=0.2838
train, epoch 50, loss=0.2850
best model saved in epoch 39
model train end, best model loss=0.7316
store train metrics
---------------------------------------- gnps-orbitrap-train ----------------------------------------
---------------------------------------- gnps-orbitrap-test ----------------------------------------
---------------------------------------- gnps-qtof-test ----------------------------------------
---------------------------------------- gnps-other-test ----------------------------------------
---------------------------------------- gnps-orbitrap-train ----------------------------------------
---------------------------------------- gnps-orbitrap-test ----------------------------------------
---------------------------------------- gnps-qtof-test ----------------------------------------
---------------------------------------- gnps-other-test ----------------------------------------
---------------------------------------- gnps-orbitrap-train ----------------------------------------
---------------------------------------- gnps-orbitrap-test ----------------------------------------
---------------------------------------- gnps-qtof-test ----------------------------------------
---------------------------------------- gnps-other-test ----------------------------------------
---------------------------------------- gnps-orbitrap-train ----------------------------------------
---------------------------------------- gnps-orbitrap-test ----------------------------------------
---------------------------------------- gnps-qtof-test ----------------------------------------
---------------------------------------- gnps-other-test ----------------------------------------
---------------------------------------- gnps-orbitrap-train ----------------------------------------
---------------------------------------- gnps-orbitrap-test ----------------------------------------
---------------------------------------- gnps-qtof-test ----------------------------------------
---------------------------------------- gnps-other-test ----------------------------------------
---------------------------------------- gnps-orbitrap-train ----------------------------------------
---------------------------------------- gnps-orbitrap-test ----------------------------------------
---------------------------------------- gnps-qtof-test ----------------------------------------
---------------------------------------- gnps-other-test ----------------------------------------
---------------------------------------- gnps-orbitrap-train ----------------------------------------
---------------------------------------- gnps-orbitrap-test ----------------------------------------
---------------------------------------- gnps-qtof-test ----------------------------------------
---------------------------------------- gnps-other-test ----------------------------------------
---------------------------------------- gnps-orbitrap-train ----------------------------------------
---------------------------------------- gnps-orbitrap-test ----------------------------------------
---------------------------------------- gnps-qtof-test ----------------------------------------
---------------------------------------- gnps-other-test ----------------------------------------
---------------------------------------- gnps-orbitrap-train ----------------------------------------
---------------------------------------- gnps-orbitrap-test ----------------------------------------
---------------------------------------- gnps-qtof-test ----------------------------------------
---------------------------------------- gnps-other-test ----------------------------------------
---------------------------------------- gnps-orbitrap-train ----------------------------------------
---------------------------------------- gnps-orbitrap-test ----------------------------------------
---------------------------------------- gnps-qtof-test ----------------------------------------
---------------------------------------- gnps-other-test ----------------------------------------
[[81.05 92.12 94.05]
 [81.43 92.67 94.48]
 [50.16 68.83 74.59]
 [81.15 93.9  95.69]]
[[0.04 0.03 0.02]
 [0.42 0.35 0.21]
 [0.28 0.24 0.2 ]
 [0.32 0.18 0.17]]
read raw spectra success
tokenize the query and reference data success
train, epoch 1, loss=3.7390
validation, epoch 1, loss=3.3783
train, epoch 2, loss=2.0974
validation, epoch 2, loss=2.6252
train, epoch 3, loss=1.5359
validation, epoch 3, loss=1.8472
train, epoch 4, loss=1.1698
validation, epoch 4, loss=1.3899
train, epoch 5, loss=0.9550
validation, epoch 5, loss=1.2042
train, epoch 6, loss=0.8204
validation, epoch 6, loss=1.0626
train, epoch 7, loss=0.7201
validation, epoch 7, loss=0.9842
train, epoch 8, loss=0.6497
validation, epoch 8, loss=0.9632
train, epoch 9, loss=0.6013
validation, epoch 9, loss=0.9154
train, epoch 10, loss=0.5549
validation, epoch 10, loss=0.8844
train, epoch 11, loss=0.5208
validation, epoch 11, loss=0.8653
train, epoch 12, loss=0.4920
validation, epoch 12, loss=0.8292
train, epoch 13, loss=0.4712
validation, epoch 13, loss=0.8183
train, epoch 14, loss=0.4480
train, epoch 15, loss=0.4312
validation, epoch 15, loss=0.8045
train, epoch 16, loss=0.4160
validation, epoch 16, loss=0.7850
train, epoch 17, loss=0.4005
train, epoch 18, loss=0.3863
train, epoch 19, loss=0.3811
validation, epoch 19, loss=0.7707
train, epoch 20, loss=0.3690
train, epoch 21, loss=0.3600
validation, epoch 21, loss=0.7674
train, epoch 22, loss=0.3514
validation, epoch 22, loss=0.7647
train, epoch 23, loss=0.3482
validation, epoch 23, loss=0.7494
train, epoch 24, loss=0.3379
validation, epoch 24, loss=0.7441
train, epoch 25, loss=0.3313
train, epoch 26, loss=0.3313
validation, epoch 26, loss=0.7427
train, epoch 27, loss=0.3196
train, epoch 28, loss=0.3162
validation, epoch 28, loss=0.7333
train, epoch 29, loss=0.3145
train, epoch 30, loss=0.3119
train, epoch 31, loss=0.3085
train, epoch 32, loss=0.3053
validation, epoch 32, loss=0.7156
train, epoch 33, loss=0.3026
train, epoch 34, loss=0.2990
train, epoch 35, loss=0.2964
train, epoch 36, loss=0.2917
train, epoch 37, loss=0.2925
train, epoch 38, loss=0.2876
validation, epoch 38, loss=0.7097
train, epoch 39, loss=0.2838
train, epoch 40, loss=0.2892
train, epoch 41, loss=0.2875
train, epoch 42, loss=0.2855
train, epoch 43, loss=0.2847
train, epoch 44, loss=0.2828
train, epoch 45, loss=0.2804
train, epoch 46, loss=0.2817
train, epoch 47, loss=0.2850
train, epoch 48, loss=0.2831
train, epoch 49, loss=0.2810
train, epoch 50, loss=0.2828
best model saved in epoch 37
model train end, best model loss=0.7097
store train metrics
---------------------------------------- gnps-orbitrap-train ----------------------------------------
---------------------------------------- gnps-orbitrap-test ----------------------------------------
---------------------------------------- gnps-qtof-test ----------------------------------------
---------------------------------------- gnps-other-test ----------------------------------------
---------------------------------------- gnps-orbitrap-train ----------------------------------------
---------------------------------------- gnps-orbitrap-test ----------------------------------------
---------------------------------------- gnps-qtof-test ----------------------------------------
---------------------------------------- gnps-other-test ----------------------------------------
---------------------------------------- gnps-orbitrap-train ----------------------------------------
---------------------------------------- gnps-orbitrap-test ----------------------------------------
---------------------------------------- gnps-qtof-test ----------------------------------------
---------------------------------------- gnps-other-test ----------------------------------------
---------------------------------------- gnps-orbitrap-train ----------------------------------------
---------------------------------------- gnps-orbitrap-test ----------------------------------------
---------------------------------------- gnps-qtof-test ----------------------------------------
---------------------------------------- gnps-other-test ----------------------------------------
---------------------------------------- gnps-orbitrap-train ----------------------------------------
---------------------------------------- gnps-orbitrap-test ----------------------------------------
---------------------------------------- gnps-qtof-test ----------------------------------------
---------------------------------------- gnps-other-test ----------------------------------------
---------------------------------------- gnps-orbitrap-train ----------------------------------------
---------------------------------------- gnps-orbitrap-test ----------------------------------------
---------------------------------------- gnps-qtof-test ----------------------------------------
---------------------------------------- gnps-other-test ----------------------------------------
---------------------------------------- gnps-orbitrap-train ----------------------------------------
---------------------------------------- gnps-orbitrap-test ----------------------------------------
---------------------------------------- gnps-qtof-test ----------------------------------------
---------------------------------------- gnps-other-test ----------------------------------------
---------------------------------------- gnps-orbitrap-train ----------------------------------------
---------------------------------------- gnps-orbitrap-test ----------------------------------------
---------------------------------------- gnps-qtof-test ----------------------------------------
---------------------------------------- gnps-other-test ----------------------------------------
---------------------------------------- gnps-orbitrap-train ----------------------------------------
---------------------------------------- gnps-orbitrap-test ----------------------------------------
---------------------------------------- gnps-qtof-test ----------------------------------------
---------------------------------------- gnps-other-test ----------------------------------------
---------------------------------------- gnps-orbitrap-train ----------------------------------------
---------------------------------------- gnps-orbitrap-test ----------------------------------------
---------------------------------------- gnps-qtof-test ----------------------------------------
---------------------------------------- gnps-other-test ----------------------------------------
[[80.49 91.33 93.66]
 [81.49 92.69 94.77]
 [50.45 68.86 74.32]
 [80.51 93.76 95.77]]
[[0.06 0.03 0.01]
 [0.41 0.23 0.26]
 [0.31 0.25 0.32]
 [0.19 0.17 0.14]]
read raw spectra success
tokenize the query and reference data success
train, epoch 1, loss=4.2762
validation, epoch 1, loss=3.4208
train, epoch 2, loss=2.1296
validation, epoch 2, loss=2.7254
train, epoch 3, loss=1.5940
validation, epoch 3, loss=1.9842
train, epoch 4, loss=1.1926
validation, epoch 4, loss=1.4864
train, epoch 5, loss=0.9695
validation, epoch 5, loss=1.2212
train, epoch 6, loss=0.8260
validation, epoch 6, loss=1.0873
train, epoch 7, loss=0.7297
validation, epoch 7, loss=1.0363
train, epoch 8, loss=0.6544
validation, epoch 8, loss=0.9854
train, epoch 9, loss=0.6009
validation, epoch 9, loss=0.9695
train, epoch 10, loss=0.5565
validation, epoch 10, loss=0.9181
train, epoch 11, loss=0.5194
validation, epoch 11, loss=0.8802
train, epoch 12, loss=0.4871
validation, epoch 12, loss=0.8622
train, epoch 13, loss=0.4688
validation, epoch 13, loss=0.8485
train, epoch 14, loss=0.4460
validation, epoch 14, loss=0.8367
train, epoch 15, loss=0.4291
train, epoch 16, loss=0.4146
validation, epoch 16, loss=0.7956
train, epoch 17, loss=0.3987
train, epoch 18, loss=0.3884
train, epoch 19, loss=0.3761
train, epoch 20, loss=0.3705
validation, epoch 20, loss=0.7865
train, epoch 21, loss=0.3622
validation, epoch 21, loss=0.7845
train, epoch 22, loss=0.3511
train, epoch 23, loss=0.3438
train, epoch 24, loss=0.3373
validation, epoch 24, loss=0.7797
train, epoch 25, loss=0.3312
validation, epoch 25, loss=0.7744
train, epoch 26, loss=0.3237
validation, epoch 26, loss=0.7557
train, epoch 27, loss=0.3224
validation, epoch 27, loss=0.7506
train, epoch 28, loss=0.3178
train, epoch 29, loss=0.3154
train, epoch 30, loss=0.3067
train, epoch 31, loss=0.3112
train, epoch 32, loss=0.3042
train, epoch 33, loss=0.3018
train, epoch 34, loss=0.2971
train, epoch 35, loss=0.3002
train, epoch 36, loss=0.2951
train, epoch 37, loss=0.2897
train, epoch 38, loss=0.2907
train, epoch 39, loss=0.2881
train, epoch 40, loss=0.2825
train, epoch 41, loss=0.2865
train, epoch 42, loss=0.2856
validation, epoch 42, loss=0.7499
train, epoch 43, loss=0.2820
train, epoch 44, loss=0.2876
validation, epoch 44, loss=0.7418
train, epoch 45, loss=0.2805
train, epoch 46, loss=0.2829
train, epoch 47, loss=0.2832
train, epoch 48, loss=0.2807
train, epoch 49, loss=0.2810
validation, epoch 49, loss=0.7397
train, epoch 50, loss=0.2802
validation, epoch 50, loss=0.7351
best model saved in epoch 49
model train end, best model loss=0.7351
store train metrics
---------------------------------------- gnps-orbitrap-train ----------------------------------------
---------------------------------------- gnps-orbitrap-test ----------------------------------------
---------------------------------------- gnps-qtof-test ----------------------------------------
---------------------------------------- gnps-other-test ----------------------------------------
---------------------------------------- gnps-orbitrap-train ----------------------------------------
---------------------------------------- gnps-orbitrap-test ----------------------------------------
---------------------------------------- gnps-qtof-test ----------------------------------------
---------------------------------------- gnps-other-test ----------------------------------------
---------------------------------------- gnps-orbitrap-train ----------------------------------------
---------------------------------------- gnps-orbitrap-test ----------------------------------------
---------------------------------------- gnps-qtof-test ----------------------------------------
---------------------------------------- gnps-other-test ----------------------------------------
---------------------------------------- gnps-orbitrap-train ----------------------------------------
---------------------------------------- gnps-orbitrap-test ----------------------------------------
---------------------------------------- gnps-qtof-test ----------------------------------------
---------------------------------------- gnps-other-test ----------------------------------------
---------------------------------------- gnps-orbitrap-train ----------------------------------------
---------------------------------------- gnps-orbitrap-test ----------------------------------------
---------------------------------------- gnps-qtof-test ----------------------------------------
---------------------------------------- gnps-other-test ----------------------------------------
---------------------------------------- gnps-orbitrap-train ----------------------------------------
---------------------------------------- gnps-orbitrap-test ----------------------------------------
---------------------------------------- gnps-qtof-test ----------------------------------------
---------------------------------------- gnps-other-test ----------------------------------------
---------------------------------------- gnps-orbitrap-train ----------------------------------------
---------------------------------------- gnps-orbitrap-test ----------------------------------------
---------------------------------------- gnps-qtof-test ----------------------------------------
---------------------------------------- gnps-other-test ----------------------------------------
---------------------------------------- gnps-orbitrap-train ----------------------------------------
---------------------------------------- gnps-orbitrap-test ----------------------------------------
---------------------------------------- gnps-qtof-test ----------------------------------------
---------------------------------------- gnps-other-test ----------------------------------------
---------------------------------------- gnps-orbitrap-train ----------------------------------------
---------------------------------------- gnps-orbitrap-test ----------------------------------------
---------------------------------------- gnps-qtof-test ----------------------------------------
---------------------------------------- gnps-other-test ----------------------------------------
---------------------------------------- gnps-orbitrap-train ----------------------------------------
---------------------------------------- gnps-orbitrap-test ----------------------------------------
---------------------------------------- gnps-qtof-test ----------------------------------------
---------------------------------------- gnps-other-test ----------------------------------------
[[80.86 91.53 93.8 ]
 [81.81 93.06 94.79]
 [50.48 69.21 74.89]
 [80.82 93.98 95.75]]
[[0.04 0.03 0.02]
 [0.39 0.26 0.21]
 [0.24 0.22 0.24]
 [0.34 0.23 0.16]]
read raw spectra success
tokenize the query and reference data success
train, epoch 1, loss=3.8297
validation, epoch 1, loss=3.3521
train, epoch 2, loss=2.0868
validation, epoch 2, loss=2.6378
train, epoch 3, loss=1.5397
validation, epoch 3, loss=1.8337
train, epoch 4, loss=1.1847
validation, epoch 4, loss=1.4131
train, epoch 5, loss=0.9639
validation, epoch 5, loss=1.1907
train, epoch 6, loss=0.8291
validation, epoch 6, loss=1.0607
train, epoch 7, loss=0.7307
validation, epoch 7, loss=0.9929
train, epoch 8, loss=0.6573
validation, epoch 8, loss=0.9444
train, epoch 9, loss=0.6039
validation, epoch 9, loss=0.9069
train, epoch 10, loss=0.5595
validation, epoch 10, loss=0.8753
train, epoch 11, loss=0.5196
validation, epoch 11, loss=0.8644
train, epoch 12, loss=0.4935
validation, epoch 12, loss=0.8345
train, epoch 13, loss=0.4667
train, epoch 14, loss=0.4468
validation, epoch 14, loss=0.8012
train, epoch 15, loss=0.4313
train, epoch 16, loss=0.4180
validation, epoch 16, loss=0.7867
train, epoch 17, loss=0.3998
validation, epoch 17, loss=0.7831
train, epoch 18, loss=0.3904
validation, epoch 18, loss=0.7798
train, epoch 19, loss=0.3760
validation, epoch 19, loss=0.7792
train, epoch 20, loss=0.3662
train, epoch 21, loss=0.3580
validation, epoch 21, loss=0.7709
train, epoch 22, loss=0.3511
validation, epoch 22, loss=0.7612
train, epoch 23, loss=0.3449
validation, epoch 23, loss=0.7532
train, epoch 24, loss=0.3376
train, epoch 25, loss=0.3349
validation, epoch 25, loss=0.7522
train, epoch 26, loss=0.3280
validation, epoch 26, loss=0.7479
train, epoch 27, loss=0.3230
validation, epoch 27, loss=0.7452
train, epoch 28, loss=0.3222
validation, epoch 28, loss=0.7438
train, epoch 29, loss=0.3159
train, epoch 30, loss=0.3095
validation, epoch 30, loss=0.7386
train, epoch 31, loss=0.3069
validation, epoch 31, loss=0.7346
train, epoch 32, loss=0.3066
train, epoch 33, loss=0.2987
train, epoch 34, loss=0.2996
train, epoch 35, loss=0.2956
train, epoch 36, loss=0.2957
train, epoch 37, loss=0.2920
train, epoch 38, loss=0.2919
train, epoch 39, loss=0.2865
validation, epoch 39, loss=0.7327
train, epoch 40, loss=0.2868
train, epoch 41, loss=0.2874
validation, epoch 41, loss=0.7315
train, epoch 42, loss=0.2840
train, epoch 43, loss=0.2839
train, epoch 44, loss=0.2810
train, epoch 45, loss=0.2820
validation, epoch 45, loss=0.7267
train, epoch 46, loss=0.2859
train, epoch 47, loss=0.2833
train, epoch 48, loss=0.2846
train, epoch 49, loss=0.2843
train, epoch 50, loss=0.2827
best model saved in epoch 44
model train end, best model loss=0.7267
store train metrics
---------------------------------------- gnps-orbitrap-train ----------------------------------------
---------------------------------------- gnps-orbitrap-test ----------------------------------------
---------------------------------------- gnps-qtof-test ----------------------------------------
---------------------------------------- gnps-other-test ----------------------------------------
---------------------------------------- gnps-orbitrap-train ----------------------------------------
---------------------------------------- gnps-orbitrap-test ----------------------------------------
---------------------------------------- gnps-qtof-test ----------------------------------------
---------------------------------------- gnps-other-test ----------------------------------------
---------------------------------------- gnps-orbitrap-train ----------------------------------------
---------------------------------------- gnps-orbitrap-test ----------------------------------------
---------------------------------------- gnps-qtof-test ----------------------------------------
---------------------------------------- gnps-other-test ----------------------------------------
---------------------------------------- gnps-orbitrap-train ----------------------------------------
---------------------------------------- gnps-orbitrap-test ----------------------------------------
---------------------------------------- gnps-qtof-test ----------------------------------------
---------------------------------------- gnps-other-test ----------------------------------------
---------------------------------------- gnps-orbitrap-train ----------------------------------------
---------------------------------------- gnps-orbitrap-test ----------------------------------------
---------------------------------------- gnps-qtof-test ----------------------------------------
---------------------------------------- gnps-other-test ----------------------------------------
---------------------------------------- gnps-orbitrap-train ----------------------------------------
---------------------------------------- gnps-orbitrap-test ----------------------------------------
---------------------------------------- gnps-qtof-test ----------------------------------------
---------------------------------------- gnps-other-test ----------------------------------------
---------------------------------------- gnps-orbitrap-train ----------------------------------------
---------------------------------------- gnps-orbitrap-test ----------------------------------------
---------------------------------------- gnps-qtof-test ----------------------------------------
---------------------------------------- gnps-other-test ----------------------------------------
---------------------------------------- gnps-orbitrap-train ----------------------------------------
---------------------------------------- gnps-orbitrap-test ----------------------------------------
---------------------------------------- gnps-qtof-test ----------------------------------------
---------------------------------------- gnps-other-test ----------------------------------------
---------------------------------------- gnps-orbitrap-train ----------------------------------------
---------------------------------------- gnps-orbitrap-test ----------------------------------------
---------------------------------------- gnps-qtof-test ----------------------------------------
---------------------------------------- gnps-other-test ----------------------------------------
---------------------------------------- gnps-orbitrap-train ----------------------------------------
---------------------------------------- gnps-orbitrap-test ----------------------------------------
---------------------------------------- gnps-qtof-test ----------------------------------------
---------------------------------------- gnps-other-test ----------------------------------------
[[80.65 91.7  93.79]
 [81.74 92.85 94.83]
 [50.25 69.22 75.03]
 [80.81 93.91 95.74]]
[[0.05 0.04 0.01]
 [0.45 0.14 0.35]
 [0.25 0.35 0.21]
 [0.25 0.19 0.15]]
read raw spectra success
tokenize the query and reference data success
train, epoch 1, loss=3.6914
validation, epoch 1, loss=3.3077
train, epoch 2, loss=2.1161
validation, epoch 2, loss=2.6526
train, epoch 3, loss=1.5775
validation, epoch 3, loss=1.8632
train, epoch 4, loss=1.1931
validation, epoch 4, loss=1.4400
train, epoch 5, loss=0.9789
validation, epoch 5, loss=1.2645
train, epoch 6, loss=0.8368
validation, epoch 6, loss=1.1062
train, epoch 7, loss=0.7347
validation, epoch 7, loss=1.0044
train, epoch 8, loss=0.6623
validation, epoch 8, loss=0.9503
train, epoch 9, loss=0.6028
validation, epoch 9, loss=0.9468
train, epoch 10, loss=0.5663
validation, epoch 10, loss=0.8813
train, epoch 11, loss=0.5322
validation, epoch 11, loss=0.8709
train, epoch 12, loss=0.4972
validation, epoch 12, loss=0.8365
train, epoch 13, loss=0.4712
validation, epoch 13, loss=0.8240
train, epoch 14, loss=0.4552
validation, epoch 14, loss=0.8147
train, epoch 15, loss=0.4365
validation, epoch 15, loss=0.8133
train, epoch 16, loss=0.4191
validation, epoch 16, loss=0.8069
train, epoch 17, loss=0.4057
validation, epoch 17, loss=0.7970
train, epoch 18, loss=0.3905
validation, epoch 18, loss=0.7950
train, epoch 19, loss=0.3803
validation, epoch 19, loss=0.7859
train, epoch 20, loss=0.3715
validation, epoch 20, loss=0.7833
train, epoch 21, loss=0.3663
train, epoch 22, loss=0.3552
validation, epoch 22, loss=0.7714
train, epoch 23, loss=0.3492
train, epoch 24, loss=0.3415
validation, epoch 24, loss=0.7527
train, epoch 25, loss=0.3328
train, epoch 26, loss=0.3268
train, epoch 27, loss=0.3241
train, epoch 28, loss=0.3192
train, epoch 29, loss=0.3170
train, epoch 30, loss=0.3144
train, epoch 31, loss=0.3095
train, epoch 32, loss=0.3048
validation, epoch 32, loss=0.7501
train, epoch 33, loss=0.3016
train, epoch 34, loss=0.3025
train, epoch 35, loss=0.2979
validation, epoch 35, loss=0.7471
train, epoch 36, loss=0.2967
train, epoch 37, loss=0.2941
validation, epoch 37, loss=0.7409
train, epoch 38, loss=0.2885
train, epoch 39, loss=0.2926
train, epoch 40, loss=0.2854
train, epoch 41, loss=0.2880
validation, epoch 41, loss=0.7346
train, epoch 42, loss=0.2875
train, epoch 43, loss=0.2852
train, epoch 44, loss=0.2854
train, epoch 45, loss=0.2860
train, epoch 46, loss=0.2871
train, epoch 47, loss=0.2848
train, epoch 48, loss=0.2814
train, epoch 49, loss=0.2847
train, epoch 50, loss=0.2822
best model saved in epoch 40
model train end, best model loss=0.7346
store train metrics
---------------------------------------- gnps-orbitrap-train ----------------------------------------
---------------------------------------- gnps-orbitrap-test ----------------------------------------
---------------------------------------- gnps-qtof-test ----------------------------------------
---------------------------------------- gnps-other-test ----------------------------------------
---------------------------------------- gnps-orbitrap-train ----------------------------------------
---------------------------------------- gnps-orbitrap-test ----------------------------------------
---------------------------------------- gnps-qtof-test ----------------------------------------
---------------------------------------- gnps-other-test ----------------------------------------
---------------------------------------- gnps-orbitrap-train ----------------------------------------
---------------------------------------- gnps-orbitrap-test ----------------------------------------
---------------------------------------- gnps-qtof-test ----------------------------------------
---------------------------------------- gnps-other-test ----------------------------------------
---------------------------------------- gnps-orbitrap-train ----------------------------------------
---------------------------------------- gnps-orbitrap-test ----------------------------------------
---------------------------------------- gnps-qtof-test ----------------------------------------
---------------------------------------- gnps-other-test ----------------------------------------
---------------------------------------- gnps-orbitrap-train ----------------------------------------
---------------------------------------- gnps-orbitrap-test ----------------------------------------
---------------------------------------- gnps-qtof-test ----------------------------------------
---------------------------------------- gnps-other-test ----------------------------------------
---------------------------------------- gnps-orbitrap-train ----------------------------------------
---------------------------------------- gnps-orbitrap-test ----------------------------------------
---------------------------------------- gnps-qtof-test ----------------------------------------
---------------------------------------- gnps-other-test ----------------------------------------
---------------------------------------- gnps-orbitrap-train ----------------------------------------
---------------------------------------- gnps-orbitrap-test ----------------------------------------
---------------------------------------- gnps-qtof-test ----------------------------------------
---------------------------------------- gnps-other-test ----------------------------------------
---------------------------------------- gnps-orbitrap-train ----------------------------------------
---------------------------------------- gnps-orbitrap-test ----------------------------------------
---------------------------------------- gnps-qtof-test ----------------------------------------
---------------------------------------- gnps-other-test ----------------------------------------
---------------------------------------- gnps-orbitrap-train ----------------------------------------
---------------------------------------- gnps-orbitrap-test ----------------------------------------
---------------------------------------- gnps-qtof-test ----------------------------------------
---------------------------------------- gnps-other-test ----------------------------------------
---------------------------------------- gnps-orbitrap-train ----------------------------------------
---------------------------------------- gnps-orbitrap-test ----------------------------------------
---------------------------------------- gnps-qtof-test ----------------------------------------
---------------------------------------- gnps-other-test ----------------------------------------
[[80.58 91.83 93.88]
 [81.61 92.67 94.95]
 [50.19 68.83 74.41]
 [80.69 93.75 95.68]]
[[0.05 0.03 0.02]
 [0.42 0.47 0.38]
 [0.15 0.37 0.25]
 [0.29 0.24 0.18]]
read raw spectra success
tokenize the query and reference data success
train, epoch 1, loss=3.9556
validation, epoch 1, loss=3.2767
train, epoch 2, loss=2.1110
validation, epoch 2, loss=2.5033
train, epoch 3, loss=1.5159
validation, epoch 3, loss=1.7398
train, epoch 4, loss=1.1712
validation, epoch 4, loss=1.3813
train, epoch 5, loss=0.9511
validation, epoch 5, loss=1.1677
train, epoch 6, loss=0.8153
validation, epoch 6, loss=1.0277
train, epoch 7, loss=0.7145
validation, epoch 7, loss=0.9809
train, epoch 8, loss=0.6609
validation, epoch 8, loss=0.9228
train, epoch 9, loss=0.6015
validation, epoch 9, loss=0.8837
train, epoch 10, loss=0.5565
validation, epoch 10, loss=0.8593
train, epoch 11, loss=0.5297
validation, epoch 11, loss=0.8427
train, epoch 12, loss=0.4942
train, epoch 13, loss=0.4692
validation, epoch 13, loss=0.8276
train, epoch 14, loss=0.4500
validation, epoch 14, loss=0.8017
train, epoch 15, loss=0.4344
validation, epoch 15, loss=0.7998
train, epoch 16, loss=0.4144
validation, epoch 16, loss=0.7977
train, epoch 17, loss=0.4043
validation, epoch 17, loss=0.7894
train, epoch 18, loss=0.3908
validation, epoch 18, loss=0.7817
train, epoch 19, loss=0.3799
validation, epoch 19, loss=0.7716
train, epoch 20, loss=0.3740
validation, epoch 20, loss=0.7706
train, epoch 21, loss=0.3651
validation, epoch 21, loss=0.7635
train, epoch 22, loss=0.3585
validation, epoch 22, loss=0.7493
train, epoch 23, loss=0.3483
train, epoch 24, loss=0.3386
validation, epoch 24, loss=0.7337
train, epoch 25, loss=0.3378
train, epoch 26, loss=0.3318
train, epoch 27, loss=0.3237
validation, epoch 27, loss=0.7322
train, epoch 28, loss=0.3176
train, epoch 29, loss=0.3147
train, epoch 30, loss=0.3109
train, epoch 31, loss=0.3059
train, epoch 32, loss=0.3039
train, epoch 33, loss=0.3033
validation, epoch 33, loss=0.7258
train, epoch 34, loss=0.2975
train, epoch 35, loss=0.2992
validation, epoch 35, loss=0.7250
train, epoch 36, loss=0.2921
train, epoch 37, loss=0.2927
train, epoch 38, loss=0.2942
train, epoch 39, loss=0.2896
train, epoch 40, loss=0.2880
train, epoch 41, loss=0.2878
validation, epoch 41, loss=0.7208
train, epoch 42, loss=0.2850
train, epoch 43, loss=0.2837
train, epoch 44, loss=0.2842
train, epoch 45, loss=0.2842
train, epoch 46, loss=0.2853
train, epoch 47, loss=0.2824
train, epoch 48, loss=0.2851
train, epoch 49, loss=0.2846
train, epoch 50, loss=0.2826
best model saved in epoch 40
model train end, best model loss=0.7208
store train metrics
---------------------------------------- gnps-orbitrap-train ----------------------------------------
---------------------------------------- gnps-orbitrap-test ----------------------------------------
---------------------------------------- gnps-qtof-test ----------------------------------------
---------------------------------------- gnps-other-test ----------------------------------------
---------------------------------------- gnps-orbitrap-train ----------------------------------------
---------------------------------------- gnps-orbitrap-test ----------------------------------------
---------------------------------------- gnps-qtof-test ----------------------------------------
---------------------------------------- gnps-other-test ----------------------------------------
---------------------------------------- gnps-orbitrap-train ----------------------------------------
---------------------------------------- gnps-orbitrap-test ----------------------------------------
---------------------------------------- gnps-qtof-test ----------------------------------------
---------------------------------------- gnps-other-test ----------------------------------------
---------------------------------------- gnps-orbitrap-train ----------------------------------------
---------------------------------------- gnps-orbitrap-test ----------------------------------------
---------------------------------------- gnps-qtof-test ----------------------------------------
---------------------------------------- gnps-other-test ----------------------------------------
---------------------------------------- gnps-orbitrap-train ----------------------------------------
---------------------------------------- gnps-orbitrap-test ----------------------------------------
---------------------------------------- gnps-qtof-test ----------------------------------------
---------------------------------------- gnps-other-test ----------------------------------------
---------------------------------------- gnps-orbitrap-train ----------------------------------------
---------------------------------------- gnps-orbitrap-test ----------------------------------------
---------------------------------------- gnps-qtof-test ----------------------------------------
---------------------------------------- gnps-other-test ----------------------------------------
---------------------------------------- gnps-orbitrap-train ----------------------------------------
---------------------------------------- gnps-orbitrap-test ----------------------------------------
---------------------------------------- gnps-qtof-test ----------------------------------------
---------------------------------------- gnps-other-test ----------------------------------------
---------------------------------------- gnps-orbitrap-train ----------------------------------------
---------------------------------------- gnps-orbitrap-test ----------------------------------------
---------------------------------------- gnps-qtof-test ----------------------------------------
---------------------------------------- gnps-other-test ----------------------------------------
---------------------------------------- gnps-orbitrap-train ----------------------------------------
---------------------------------------- gnps-orbitrap-test ----------------------------------------
---------------------------------------- gnps-qtof-test ----------------------------------------
---------------------------------------- gnps-other-test ----------------------------------------
---------------------------------------- gnps-orbitrap-train ----------------------------------------
---------------------------------------- gnps-orbitrap-test ----------------------------------------
---------------------------------------- gnps-qtof-test ----------------------------------------
---------------------------------------- gnps-other-test ----------------------------------------
[[80.56 91.36 93.62]
 [81.6  92.78 94.96]
 [50.3  69.   74.58]
 [81.07 93.81 95.7 ]]
[[0.07 0.03 0.03]
 [0.59 0.39 0.36]
 [0.24 0.26 0.29]
 [0.18 0.19 0.17]]
read raw spectra success
tokenize the query and reference data success
train, epoch 1, loss=4.0032
validation, epoch 1, loss=3.3096
train, epoch 2, loss=2.1160
validation, epoch 2, loss=2.5688
train, epoch 3, loss=1.5710
validation, epoch 3, loss=1.8274
train, epoch 4, loss=1.1800
validation, epoch 4, loss=1.3917
train, epoch 5, loss=0.9615
validation, epoch 5, loss=1.1484
train, epoch 6, loss=0.8294
validation, epoch 6, loss=1.0583
train, epoch 7, loss=0.7297
validation, epoch 7, loss=0.9689
train, epoch 8, loss=0.6571
validation, epoch 8, loss=0.9329
train, epoch 9, loss=0.5985
validation, epoch 9, loss=0.8987
train, epoch 10, loss=0.5563
validation, epoch 10, loss=0.8704
train, epoch 11, loss=0.5208
validation, epoch 11, loss=0.8363
train, epoch 12, loss=0.4959
validation, epoch 12, loss=0.8088
train, epoch 13, loss=0.4683
train, epoch 14, loss=0.4511
validation, epoch 14, loss=0.7980
train, epoch 15, loss=0.4321
validation, epoch 15, loss=0.7717
train, epoch 16, loss=0.4128
validation, epoch 16, loss=0.7688
train, epoch 17, loss=0.4041
validation, epoch 17, loss=0.7605
train, epoch 18, loss=0.3918
train, epoch 19, loss=0.3808
train, epoch 20, loss=0.3667
validation, epoch 20, loss=0.7413
train, epoch 21, loss=0.3609
validation, epoch 21, loss=0.7339
train, epoch 22, loss=0.3529
train, epoch 23, loss=0.3453
validation, epoch 23, loss=0.7322
train, epoch 24, loss=0.3440
train, epoch 25, loss=0.3355
train, epoch 26, loss=0.3306
train, epoch 27, loss=0.3194
validation, epoch 27, loss=0.7289
train, epoch 28, loss=0.3194
validation, epoch 28, loss=0.7277
train, epoch 29, loss=0.3150
train, epoch 30, loss=0.3110
validation, epoch 30, loss=0.7161
train, epoch 31, loss=0.3068
train, epoch 32, loss=0.3072
validation, epoch 32, loss=0.7117
train, epoch 33, loss=0.2980
train, epoch 34, loss=0.2988
train, epoch 35, loss=0.2951
validation, epoch 35, loss=0.6923
train, epoch 36, loss=0.2923
train, epoch 37, loss=0.2944
train, epoch 38, loss=0.2888
train, epoch 39, loss=0.2920
train, epoch 40, loss=0.2890
train, epoch 41, loss=0.2857
train, epoch 42, loss=0.2875
train, epoch 43, loss=0.2868
train, epoch 44, loss=0.2837
validation, epoch 44, loss=0.6876
train, epoch 45, loss=0.2833
train, epoch 46, loss=0.2828
train, epoch 47, loss=0.2844
train, epoch 48, loss=0.2850
train, epoch 49, loss=0.2855
train, epoch 50, loss=0.2850
best model saved in epoch 43
model train end, best model loss=0.6876
store train metrics
---------------------------------------- gnps-orbitrap-train ----------------------------------------
---------------------------------------- gnps-orbitrap-test ----------------------------------------
---------------------------------------- gnps-qtof-test ----------------------------------------
---------------------------------------- gnps-other-test ----------------------------------------
---------------------------------------- gnps-orbitrap-train ----------------------------------------
---------------------------------------- gnps-orbitrap-test ----------------------------------------
---------------------------------------- gnps-qtof-test ----------------------------------------
---------------------------------------- gnps-other-test ----------------------------------------
---------------------------------------- gnps-orbitrap-train ----------------------------------------
---------------------------------------- gnps-orbitrap-test ----------------------------------------
---------------------------------------- gnps-qtof-test ----------------------------------------
---------------------------------------- gnps-other-test ----------------------------------------
---------------------------------------- gnps-orbitrap-train ----------------------------------------
---------------------------------------- gnps-orbitrap-test ----------------------------------------
---------------------------------------- gnps-qtof-test ----------------------------------------
---------------------------------------- gnps-other-test ----------------------------------------
---------------------------------------- gnps-orbitrap-train ----------------------------------------
---------------------------------------- gnps-orbitrap-test ----------------------------------------
---------------------------------------- gnps-qtof-test ----------------------------------------
---------------------------------------- gnps-other-test ----------------------------------------
---------------------------------------- gnps-orbitrap-train ----------------------------------------
---------------------------------------- gnps-orbitrap-test ----------------------------------------
---------------------------------------- gnps-qtof-test ----------------------------------------
---------------------------------------- gnps-other-test ----------------------------------------
---------------------------------------- gnps-orbitrap-train ----------------------------------------
---------------------------------------- gnps-orbitrap-test ----------------------------------------
---------------------------------------- gnps-qtof-test ----------------------------------------
---------------------------------------- gnps-other-test ----------------------------------------
---------------------------------------- gnps-orbitrap-train ----------------------------------------
---------------------------------------- gnps-orbitrap-test ----------------------------------------
---------------------------------------- gnps-qtof-test ----------------------------------------
---------------------------------------- gnps-other-test ----------------------------------------
---------------------------------------- gnps-orbitrap-train ----------------------------------------
---------------------------------------- gnps-orbitrap-test ----------------------------------------
---------------------------------------- gnps-qtof-test ----------------------------------------
---------------------------------------- gnps-other-test ----------------------------------------
---------------------------------------- gnps-orbitrap-train ----------------------------------------
---------------------------------------- gnps-orbitrap-test ----------------------------------------
---------------------------------------- gnps-qtof-test ----------------------------------------
---------------------------------------- gnps-other-test ----------------------------------------
[[80.66 91.81 94.13]
 [81.73 92.95 94.53]
 [50.44 69.05 74.98]
 [80.91 93.92 95.8 ]]
[[0.04 0.04 0.01]
 [0.34 0.44 0.36]
 [0.28 0.28 0.29]
 [0.19 0.17 0.16]]
read raw spectra success
tokenize the query and reference data success
train, epoch 1, loss=4.4347
validation, epoch 1, loss=3.3138
train, epoch 2, loss=2.1125
validation, epoch 2, loss=2.5617
train, epoch 3, loss=1.5468
validation, epoch 3, loss=1.7550
train, epoch 4, loss=1.1760
validation, epoch 4, loss=1.3852
train, epoch 5, loss=0.9603
validation, epoch 5, loss=1.1808
train, epoch 6, loss=0.8312
validation, epoch 6, loss=1.0613
train, epoch 7, loss=0.7230
validation, epoch 7, loss=0.9574
train, epoch 8, loss=0.6542
validation, epoch 8, loss=0.9087
train, epoch 9, loss=0.5997
validation, epoch 9, loss=0.8779
train, epoch 10, loss=0.5617
validation, epoch 10, loss=0.8430
train, epoch 11, loss=0.5218
train, epoch 12, loss=0.5000
validation, epoch 12, loss=0.8110
train, epoch 13, loss=0.4659
validation, epoch 13, loss=0.8083
train, epoch 14, loss=0.4469
validation, epoch 14, loss=0.7822
train, epoch 15, loss=0.4323
validation, epoch 15, loss=0.7703
train, epoch 16, loss=0.4185
train, epoch 17, loss=0.4035
validation, epoch 17, loss=0.7663
train, epoch 18, loss=0.3888
validation, epoch 18, loss=0.7437
train, epoch 19, loss=0.3843
validation, epoch 19, loss=0.7405
train, epoch 20, loss=0.3714
validation, epoch 20, loss=0.7246
train, epoch 21, loss=0.3573
train, epoch 22, loss=0.3536
train, epoch 23, loss=0.3474
validation, epoch 23, loss=0.7199
train, epoch 24, loss=0.3427
train, epoch 25, loss=0.3312
train, epoch 26, loss=0.3282
validation, epoch 26, loss=0.7191
train, epoch 27, loss=0.3253
validation, epoch 27, loss=0.7181
train, epoch 28, loss=0.3186
validation, epoch 28, loss=0.7142
train, epoch 29, loss=0.3148
validation, epoch 29, loss=0.7130
train, epoch 30, loss=0.3086
validation, epoch 30, loss=0.7124
train, epoch 31, loss=0.3025
validation, epoch 31, loss=0.7109
train, epoch 32, loss=0.3049
validation, epoch 32, loss=0.7049
train, epoch 33, loss=0.3034
train, epoch 34, loss=0.3000
validation, epoch 34, loss=0.7025
train, epoch 35, loss=0.2973
validation, epoch 35, loss=0.7006
train, epoch 36, loss=0.2962
train, epoch 37, loss=0.2925
train, epoch 38, loss=0.2933
train, epoch 39, loss=0.2898
validation, epoch 39, loss=0.6891
train, epoch 40, loss=0.2899
train, epoch 41, loss=0.2864
train, epoch 42, loss=0.2876
train, epoch 43, loss=0.2844
train, epoch 44, loss=0.2857
train, epoch 45, loss=0.2871
validation, epoch 45, loss=0.6836
train, epoch 46, loss=0.2846
train, epoch 47, loss=0.2879
train, epoch 48, loss=0.2825
train, epoch 49, loss=0.2845
train, epoch 50, loss=0.2821
best model saved in epoch 44
model train end, best model loss=0.6836
store train metrics
---------------------------------------- gnps-orbitrap-train ----------------------------------------
---------------------------------------- gnps-orbitrap-test ----------------------------------------
---------------------------------------- gnps-qtof-test ----------------------------------------
---------------------------------------- gnps-other-test ----------------------------------------
---------------------------------------- gnps-orbitrap-train ----------------------------------------
---------------------------------------- gnps-orbitrap-test ----------------------------------------
---------------------------------------- gnps-qtof-test ----------------------------------------
---------------------------------------- gnps-other-test ----------------------------------------
---------------------------------------- gnps-orbitrap-train ----------------------------------------
---------------------------------------- gnps-orbitrap-test ----------------------------------------
---------------------------------------- gnps-qtof-test ----------------------------------------
---------------------------------------- gnps-other-test ----------------------------------------
---------------------------------------- gnps-orbitrap-train ----------------------------------------
---------------------------------------- gnps-orbitrap-test ----------------------------------------
---------------------------------------- gnps-qtof-test ----------------------------------------
---------------------------------------- gnps-other-test ----------------------------------------
---------------------------------------- gnps-orbitrap-train ----------------------------------------
---------------------------------------- gnps-orbitrap-test ----------------------------------------
---------------------------------------- gnps-qtof-test ----------------------------------------
---------------------------------------- gnps-other-test ----------------------------------------
---------------------------------------- gnps-orbitrap-train ----------------------------------------
---------------------------------------- gnps-orbitrap-test ----------------------------------------
---------------------------------------- gnps-qtof-test ----------------------------------------
---------------------------------------- gnps-other-test ----------------------------------------
---------------------------------------- gnps-orbitrap-train ----------------------------------------
---------------------------------------- gnps-orbitrap-test ----------------------------------------
---------------------------------------- gnps-qtof-test ----------------------------------------
---------------------------------------- gnps-other-test ----------------------------------------
---------------------------------------- gnps-orbitrap-train ----------------------------------------
---------------------------------------- gnps-orbitrap-test ----------------------------------------
---------------------------------------- gnps-qtof-test ----------------------------------------
---------------------------------------- gnps-other-test ----------------------------------------
---------------------------------------- gnps-orbitrap-train ----------------------------------------
---------------------------------------- gnps-orbitrap-test ----------------------------------------
---------------------------------------- gnps-qtof-test ----------------------------------------
---------------------------------------- gnps-other-test ----------------------------------------
---------------------------------------- gnps-orbitrap-train ----------------------------------------
---------------------------------------- gnps-orbitrap-test ----------------------------------------
---------------------------------------- gnps-qtof-test ----------------------------------------
---------------------------------------- gnps-other-test ----------------------------------------
[[80.32 91.52 94.01]
 [81.77 92.62 94.65]
 [50.16 68.96 74.97]
 [81.03 93.95 95.87]]
[[0.05 0.02 0.02]
 [0.56 0.23 0.23]
 [0.23 0.29 0.2 ]
 [0.22 0.18 0.14]]
read raw spectra success
tokenize the query and reference data success
train, epoch 1, loss=3.5646
validation, epoch 1, loss=3.3599
train, epoch 2, loss=2.0911
validation, epoch 2, loss=2.6245
train, epoch 3, loss=1.5395
validation, epoch 3, loss=1.8411
train, epoch 4, loss=1.1669
validation, epoch 4, loss=1.4776
train, epoch 5, loss=0.9564
validation, epoch 5, loss=1.2241
train, epoch 6, loss=0.8153
validation, epoch 6, loss=1.1118
train, epoch 7, loss=0.7115
validation, epoch 7, loss=1.0311
train, epoch 8, loss=0.6446
validation, epoch 8, loss=0.9789
train, epoch 9, loss=0.5986
validation, epoch 9, loss=0.9531
train, epoch 10, loss=0.5526
validation, epoch 10, loss=0.9249
train, epoch 11, loss=0.5182
validation, epoch 11, loss=0.8955
train, epoch 12, loss=0.4866
validation, epoch 12, loss=0.8706
train, epoch 13, loss=0.4666
validation, epoch 13, loss=0.8508
train, epoch 14, loss=0.4463
validation, epoch 14, loss=0.8430
train, epoch 15, loss=0.4281
validation, epoch 15, loss=0.8337
train, epoch 16, loss=0.4155
validation, epoch 16, loss=0.8086
train, epoch 17, loss=0.3973
train, epoch 18, loss=0.3947
validation, epoch 18, loss=0.8049
train, epoch 19, loss=0.3749
validation, epoch 19, loss=0.7943
train, epoch 20, loss=0.3700
train, epoch 21, loss=0.3566
validation, epoch 21, loss=0.7873
train, epoch 22, loss=0.3558
validation, epoch 22, loss=0.7835
train, epoch 23, loss=0.3454
validation, epoch 23, loss=0.7815
train, epoch 24, loss=0.3415
train, epoch 25, loss=0.3326
validation, epoch 25, loss=0.7768
train, epoch 26, loss=0.3271
validation, epoch 26, loss=0.7697
train, epoch 27, loss=0.3221
train, epoch 28, loss=0.3213
train, epoch 29, loss=0.3127
validation, epoch 29, loss=0.7677
train, epoch 30, loss=0.3112
validation, epoch 30, loss=0.7536
train, epoch 31, loss=0.3061
train, epoch 32, loss=0.3021
train, epoch 33, loss=0.3054
train, epoch 34, loss=0.3020
train, epoch 35, loss=0.2978
train, epoch 36, loss=0.2941
train, epoch 37, loss=0.2939
train, epoch 38, loss=0.2939
train, epoch 39, loss=0.2917
train, epoch 40, loss=0.2878
validation, epoch 40, loss=0.7438
train, epoch 41, loss=0.2842
train, epoch 42, loss=0.2867
validation, epoch 42, loss=0.7424
train, epoch 43, loss=0.2857
train, epoch 44, loss=0.2828
train, epoch 45, loss=0.2841
train, epoch 46, loss=0.2864
train, epoch 47, loss=0.2825
train, epoch 48, loss=0.2862
train, epoch 49, loss=0.2845
train, epoch 50, loss=0.2797
best model saved in epoch 41
model train end, best model loss=0.7424
store train metrics
---------------------------------------- gnps-orbitrap-train ----------------------------------------
---------------------------------------- gnps-orbitrap-test ----------------------------------------
---------------------------------------- gnps-qtof-test ----------------------------------------
---------------------------------------- gnps-other-test ----------------------------------------
---------------------------------------- gnps-orbitrap-train ----------------------------------------
---------------------------------------- gnps-orbitrap-test ----------------------------------------
---------------------------------------- gnps-qtof-test ----------------------------------------
---------------------------------------- gnps-other-test ----------------------------------------
---------------------------------------- gnps-orbitrap-train ----------------------------------------
---------------------------------------- gnps-orbitrap-test ----------------------------------------
---------------------------------------- gnps-qtof-test ----------------------------------------
---------------------------------------- gnps-other-test ----------------------------------------
---------------------------------------- gnps-orbitrap-train ----------------------------------------
---------------------------------------- gnps-orbitrap-test ----------------------------------------
---------------------------------------- gnps-qtof-test ----------------------------------------
---------------------------------------- gnps-other-test ----------------------------------------
---------------------------------------- gnps-orbitrap-train ----------------------------------------
---------------------------------------- gnps-orbitrap-test ----------------------------------------
---------------------------------------- gnps-qtof-test ----------------------------------------
---------------------------------------- gnps-other-test ----------------------------------------
---------------------------------------- gnps-orbitrap-train ----------------------------------------
---------------------------------------- gnps-orbitrap-test ----------------------------------------
---------------------------------------- gnps-qtof-test ----------------------------------------
---------------------------------------- gnps-other-test ----------------------------------------
---------------------------------------- gnps-orbitrap-train ----------------------------------------
---------------------------------------- gnps-orbitrap-test ----------------------------------------
---------------------------------------- gnps-qtof-test ----------------------------------------
---------------------------------------- gnps-other-test ----------------------------------------
---------------------------------------- gnps-orbitrap-train ----------------------------------------
---------------------------------------- gnps-orbitrap-test ----------------------------------------
---------------------------------------- gnps-qtof-test ----------------------------------------
---------------------------------------- gnps-other-test ----------------------------------------
---------------------------------------- gnps-orbitrap-train ----------------------------------------
---------------------------------------- gnps-orbitrap-test ----------------------------------------
---------------------------------------- gnps-qtof-test ----------------------------------------
---------------------------------------- gnps-other-test ----------------------------------------
---------------------------------------- gnps-orbitrap-train ----------------------------------------
---------------------------------------- gnps-orbitrap-test ----------------------------------------
---------------------------------------- gnps-qtof-test ----------------------------------------
---------------------------------------- gnps-other-test ----------------------------------------
[[80.71 91.6  93.62]
 [81.93 92.92 94.76]
 [50.11 68.84 74.56]
 [80.76 94.04 95.83]]
[[0.06 0.03 0.03]
 [0.65 0.38 0.27]
 [0.23 0.33 0.27]
 [0.18 0.17 0.17]]
